2025-10-09 23:39:50,322 - main.py - INFO - ?????????? Log Analyzer ???????? ? ?????? ????????? ???????
2025-10-09 23:39:50,323 - main.py - INFO - ???????? ????????????? ???? ??????
2025-10-09 23:39:50,335 - main.py - INFO - ???? ?????? ??????? ????????????????
2025-10-09 23:39:53,172 - main.py - INFO - ?????????? ????????? ??????
2025-10-09 23:42:09,909 - main.py - INFO - ?????????? Log Analyzer ???????? ? ?????? ????????? ???????
2025-10-09 23:42:09,910 - main.py - INFO - ???????? ????????????? ???? ??????
2025-10-09 23:42:09,914 - main.py - INFO - ???? ?????? ??????? ????????????????
2025-10-09 23:42:46,991 - log_crud.py - INFO - ???????????? 'testuser' ??? ??????? ?????? (id: 1)
2025-10-09 23:42:46,991 - logs.py - WARNING - ??????? ??????????? ????????????? ????????????: testuser
2025-10-09 23:42:53,996 - log_crud.py - WARNING - ???????????? 'testuser1232' ?? ?????? ? ???? ??????
2025-10-09 23:42:53,997 - bcrypt.py - WARNING - (trapped) error reading bcrypt version
Traceback (most recent call last):
  File "C:\Users\saveliy\PycharmProjects\PythonProject\.venv\Lib\site-packages\passlib\handlers\bcrypt.py", line 620, in _load_backend_mixin
    version = _bcrypt.__about__.__version__
              ^^^^^^^^^^^^^^^^^
AttributeError: module 'bcrypt' has no attribute '__about__'
2025-10-09 23:42:54,305 - log_crud.py - INFO - ????? ???????????? testuser1232 ??? ??????? ??????
2025-10-09 23:42:54,305 - logs.py - INFO - ???????????? testuser1232 ??????? ???????????????
2025-10-09 23:45:55,177 - main.py - INFO - ?????????? ????????? ??????
2025-10-09 23:51:42,314 - main.py - INFO - Приложение Log Analyzer запущено и готово принимать запросы
2025-10-09 23:51:42,314 - main.py - INFO - Началась инициализация базы данных
2025-10-09 23:51:42,318 - main.py - INFO - База данных успешно инициализирована
2025-10-09 23:51:51,210 - log_crud.py - WARNING - Пользователь 'testuser1233212' не найден в базе данных
2025-10-09 23:51:51,455 - log_crud.py - INFO - Новый пользователь testuser1233212 был успешно создан
2025-10-09 23:51:51,455 - logs.py - INFO - Пользователь testuser1233212 успешно зарегистрирован
2025-10-09 23:52:32,774 - log_crud.py - INFO - Пользователь 'testuser1233212' был успешно найден (id: 14)
2025-10-09 23:52:33,014 - security.py - INFO - Сгенерирован токен для пользователя testuser1233212 (id: 14)
2025-10-09 23:52:45,017 - log_crud.py - INFO - Пользователь 'testuser1233212' был успешно найден (id: 14)
2025-10-09 23:52:45,247 - logs.py - WARNING - Неверный пароль для пользователя: testuser1233212
2025-10-09 23:53:41,513 - log_crud.py - INFO - Пользователь 14 был успешно найден
2025-10-09 23:53:41,513 - security.py - INFO - Аутентифицирован пользователь: testuser1233212 (ID: 14)
2025-10-09 23:54:54,681 - log_crud.py - INFO - Пользователь 14 был успешно найден
2025-10-09 23:54:54,683 - security.py - INFO - Аутентифицирован пользователь: testuser1233212 (ID: 14)
2025-10-09 23:55:05,149 - security.py - ERROR - Недействительный токен
2025-10-09 23:55:13,265 - main.py - INFO - Приложение завершает работу
2025-10-10 00:47:02,804 - main.py - INFO - Приложение Log Analyzer запущено и готово принимать запросы
2025-10-10 00:47:02,805 - main.py - INFO - Началась инициализация базы данных
2025-10-10 00:47:02,808 - main.py - INFO - База данных успешно инициализирована
2025-10-10 00:47:15,567 - log_crud.py - INFO - Новый пользователь testuser12332 был успешно создан
2025-10-10 00:47:15,567 - logs.py - INFO - Пользователь testuser12332 успешно зарегистрирован
2025-10-10 00:47:32,139 - logs.py - WARNING - Попытка регистрации существующего пользователя: testuser12332
2025-10-10 00:47:46,020 - security.py - INFO - Сгенерирован токен для пользователя testuser12332 (id: 15)
2025-10-10 00:48:01,845 - logs.py - WARNING - Неверный пароль для пользователя: testuser12332
2025-10-10 00:48:07,325 - security.py - INFO - Сгенерирован токен для пользователя testuser12332 (id: 15)
2025-10-10 00:48:24,628 - security.py - INFO - Аутентифицирован пользователь: testuser12332 (ID: 15)
2025-10-10 00:48:39,804 - security.py - INFO - Аутентифицирован пользователь: testuser12332 (ID: 15)
2025-10-10 00:57:38,536 - main.py - INFO - Приложение завершает работу
2025-10-10 00:59:43,743 - main.py - INFO - Приложение Log Analyzer запущено и готово принимать запросы
2025-10-10 00:59:43,744 - main.py - INFO - Началась инициализация базы данных
2025-10-10 00:59:43,748 - main.py - INFO - База данных успешно инициализирована
2025-10-10 00:59:45,087 - security.py - INFO - Аутентифицирован пользователь: testuser12332 (ID: 15)
2025-10-10 00:59:45,089 - log_crud.py - INFO - Передано 3 логов (уровень: WARNING)
2025-10-10 00:59:57,541 - security.py - INFO - Аутентифицирован пользователь: testuser12332 (ID: 15)
2025-10-10 00:59:57,543 - log_crud.py - INFO - Передано 6 логов (уровень: все)
2025-10-10 01:00:02,455 - main.py - INFO - Приложение завершает работу
2025-10-10 01:29:06,555 - main.py - INFO - Приложение Log Analyzer запущено и готово принимать запросы
2025-10-10 01:29:06,556 - main.py - INFO - Началась инициализация базы данных
2025-10-10 01:29:06,560 - main.py - INFO - База данных успешно инициализирована
2025-10-10 01:29:31,063 - logs.py - WARNING - Неверный пароль для пользователя: testuser
2025-10-10 01:29:44,046 - log_crud.py - INFO - Новый пользователь testuser12345 был успешно создан
2025-10-10 01:29:44,046 - logs.py - INFO - Пользователь testuser12345 успешно зарегистрирован
2025-10-10 01:29:49,822 - security.py - INFO - Сгенерирован токен для пользователя testuser12345 (id: 16)
2025-10-10 01:30:33,786 - security.py - INFO - Аутентифицирован пользователь: testuser12345 (ID: 16)
2025-10-10 01:30:33,795 - log_crud.py - INFO - Передано 6 логов (всего по фильтру: 6). Фильтры: level=None, service=None, start=None, end=None, limit=100, offset=0
2025-10-10 01:30:33,795 - logs.py - INFO - Пользователь testuser12345 получил 0 записей (всего по фильтру: 6)
2025-10-10 01:30:42,804 - security.py - INFO - Аутентифицирован пользователь: testuser12345 (ID: 16)
2025-10-10 01:30:42,806 - log_crud.py - INFO - Передано 6 логов (всего по фильтру: 6). Фильтры: level=None, service=None, start=None, end=None, limit=100, offset=0
2025-10-10 01:30:42,806 - logs.py - INFO - Пользователь testuser12345 получил 0 записей (всего по фильтру: 6)
2025-10-10 01:31:00,307 - main.py - INFO - Приложение завершает работу
2025-10-10 01:32:59,446 - main.py - INFO - Приложение Log Analyzer запущено и готово принимать запросы
2025-10-10 01:32:59,447 - main.py - INFO - Началась инициализация базы данных
2025-10-10 01:32:59,452 - main.py - INFO - База данных успешно инициализирована
2025-10-10 01:33:26,316 - security.py - INFO - Аутентифицирован пользователь: testuser12345 (ID: 16)
2025-10-10 01:33:26,319 - log_crud.py - INFO - Передано 8 логов (всего по фильтру: 8). Фильтры: level=None, service=None, start=None, end=None, limit=100, offset=0
2025-10-10 01:33:26,319 - logs.py - INFO - Пользователь testuser12345 получил 0 записей (всего по фильтру: 8)
2025-10-10 01:34:06,227 - security.py - INFO - Аутентифицирован пользователь: testuser12345 (ID: 16)
2025-10-10 01:34:06,231 - log_crud.py - INFO - Передано 3 логов (всего по фильтру: 3). Фильтры: level=WARNING, service=None, start=None, end=None, limit=100, offset=0
2025-10-10 01:34:06,231 - logs.py - INFO - Пользователь testuser12345 получил 0 записей (всего по фильтру: 3)
2025-10-10 01:34:10,719 - security.py - INFO - Аутентифицирован пользователь: testuser12345 (ID: 16)
2025-10-10 01:34:10,721 - log_crud.py - INFO - Передано 2 логов (всего по фильтру: 2). Фильтры: level=INFO, service=None, start=None, end=None, limit=100, offset=0
2025-10-10 01:34:10,721 - logs.py - INFO - Пользователь testuser12345 получил 0 записей (всего по фильтру: 2)
2025-10-10 01:34:55,670 - main.py - INFO - Приложение завершает работу
2025-10-10 01:35:18,125 - main.py - INFO - Приложение Log Analyzer запущено и готово принимать запросы
2025-10-10 01:35:18,126 - main.py - INFO - Началась инициализация базы данных
2025-10-10 01:35:18,129 - main.py - INFO - База данных успешно инициализирована
2025-10-10 01:35:21,732 - security.py - INFO - Аутентифицирован пользователь: testuser12345 (ID: 16)
2025-10-10 01:35:21,736 - log_crud.py - INFO - Передано 8 логов (всего по фильтру: 8). Фильтры: level=None, service=None, start=None, end=None, limit=100, offset=0
2025-10-10 01:35:21,736 - logs.py - INFO - Пользователь testuser12345 получил 0 записей (всего по фильтру: 8)
2025-10-10 01:35:24,252 - main.py - INFO - Приложение завершает работу
2025-10-10 01:42:54,140 - main.py - INFO - Приложение Log Analyzer запущено и готово принимать запросы
2025-10-10 01:42:54,141 - main.py - INFO - Началась инициализация базы данных
2025-10-10 01:42:54,145 - main.py - INFO - База данных успешно инициализирована
2025-10-10 01:42:56,019 - security.py - INFO - Аутентифицирован пользователь: testuser12345 (ID: 16)
2025-10-10 01:42:56,022 - log_crud.py - INFO - Передано 8 логов (всего по фильтру: 8). Фильтры: level=None, service=None, start=None, end=None, limit=100, offset=0
2025-10-10 01:42:56,023 - logs.py - INFO - Пользователь testuser12345 получил 0 записей (всего по фильтру: 8)
2025-10-10 01:44:23,770 - main.py - INFO - Приложение завершает работу
2025-10-10 01:44:24,724 - main.py - INFO - Приложение Log Analyzer запущено и готово принимать запросы
2025-10-10 01:44:24,725 - main.py - INFO - Началась инициализация базы данных
2025-10-10 01:44:24,728 - main.py - INFO - База данных успешно инициализирована
2025-10-10 01:44:55,701 - main.py - INFO - Приложение завершает работу
2025-10-10 01:44:56,583 - main.py - INFO - Приложение Log Analyzer запущено и готово принимать запросы
2025-10-10 01:44:56,585 - main.py - INFO - Началась инициализация базы данных
2025-10-10 01:44:56,588 - main.py - INFO - База данных успешно инициализирована
2025-10-10 01:45:00,221 - main.py - INFO - Приложение завершает работу
2025-10-10 01:45:01,121 - main.py - INFO - Приложение Log Analyzer запущено и готово принимать запросы
2025-10-10 01:45:01,122 - main.py - INFO - Началась инициализация базы данных
2025-10-10 01:45:01,126 - main.py - INFO - База данных успешно инициализирована
2025-10-10 01:45:06,494 - main.py - INFO - Приложение завершает работу
2025-10-10 01:45:09,828 - main.py - INFO - Приложение Log Analyzer запущено и готово принимать запросы
2025-10-10 01:45:09,828 - main.py - INFO - Началась инициализация базы данных
2025-10-10 01:45:09,832 - main.py - INFO - База данных успешно инициализирована
2025-10-10 01:45:11,910 - security.py - INFO - Аутентифицирован пользователь: testuser12345 (ID: 16)
2025-10-10 01:45:11,914 - log_crud.py - INFO - Передано 8 логов (всего по фильтру: 8). Фильтры: level=None, service=None, start=None, end=None, limit=100, offset=0
2025-10-10 01:45:13,815 - security.py - INFO - Аутентифицирован пользователь: testuser12345 (ID: 16)
2025-10-10 01:45:13,816 - log_crud.py - INFO - Передано 8 логов (всего по фильтру: 8). Фильтры: level=None, service=None, start=None, end=None, limit=100, offset=0
2025-10-10 01:45:36,268 - main.py - INFO - Приложение завершает работу
2025-10-10 01:47:35,968 - main.py - INFO - Приложение Log Analyzer запущено и готово принимать запросы
2025-10-10 01:47:35,969 - main.py - INFO - Началась инициализация базы данных
2025-10-10 01:47:35,973 - main.py - INFO - База данных успешно инициализирована
2025-10-10 01:47:38,109 - security.py - INFO - Аутентифицирован пользователь: testuser12345 (ID: 16)
2025-10-10 01:47:38,113 - log_crud.py - INFO - Передано 8 логов (всего по фильтру: 8). Фильтры: level=None, service=None, start=None, end=None, limit=100, offset=0
2025-10-10 01:47:38,113 - logs.py - INFO - Пользователь testuser12345 получил 8 записей (всего по фильтру: 8)
2025-10-10 01:47:44,990 - security.py - INFO - Аутентифицирован пользователь: testuser12345 (ID: 16)
2025-10-10 01:47:44,993 - log_crud.py - INFO - Передано 2 логов (всего по фильтру: 2). Фильтры: level=INFO, service=None, start=None, end=None, limit=100, offset=0
2025-10-10 01:47:44,993 - logs.py - INFO - Пользователь testuser12345 получил 2 записей (всего по фильтру: 2)
2025-10-10 01:47:50,798 - main.py - INFO - Приложение завершает работу
2025-10-10 01:51:04,407 - main.py - INFO - Приложение Log Analyzer запущено и готово принимать запросы
2025-10-10 01:51:04,407 - main.py - INFO - Началась инициализация базы данных
2025-10-10 01:51:04,412 - main.py - INFO - База данных успешно инициализирована
2025-10-10 01:51:06,601 - security.py - INFO - Аутентифицирован пользователь: testuser12345 (ID: 16)
2025-10-10 01:51:06,605 - log_crud.py - INFO - Передано 2 логов (всего по фильтру: 2). Фильтры: level=INFO, service=None, start=None, end=None, limit=100, offset=0
2025-10-10 01:51:06,605 - logs.py - INFO - Пользователь testuser12345 получил 2 записей (всего по фильтру: 2)
2025-10-10 01:51:15,688 - security.py - INFO - Аутентифицирован пользователь: testuser12345 (ID: 16)
2025-10-10 01:51:15,691 - log_crud.py - INFO - Передано 8 логов (всего по фильтру: 8). Фильтры: level=None, service=None, start=None, end=None, limit=100, offset=0
2025-10-10 01:51:15,691 - logs.py - INFO - Пользователь testuser12345 получил 8 записей (всего по фильтру: 8)
2025-10-10 01:51:28,473 - main.py - INFO - Приложение завершает работу
2025-10-11 01:55:14,654 - main.py - INFO - Приложение Log Analyzer запущено и готово принимать запросы
2025-10-11 01:55:14,655 - main.py - INFO - Началась инициализация базы данных
2025-10-11 01:55:14,667 - main.py - INFO - База данных успешно инициализирована
2025-10-11 01:56:16,922 - log_crud.py - INFO - Новый пользователь admin был успешно создан
2025-10-11 01:56:16,922 - logs.py - INFO - Пользователь admin успешно зарегистрирован
2025-10-11 01:56:28,904 - security.py - INFO - Сгенерирован токен для пользователя admin (id: 17)
2025-10-11 01:56:57,601 - security.py - INFO - Аутентифицирован пользователь: admin (ID: 17)
2025-10-11 01:56:57,606 - log_crud.py - INFO - Передано 8 логов (всего по фильтру: 8). Фильтры: level=None, service=None, start=None, end=None, limit=100, offset=0
2025-10-11 01:56:57,606 - logs.py - INFO - Пользователь admin получил 8 записей (всего по фильтру: 8)
2025-10-11 01:57:10,439 - security.py - INFO - Аутентифицирован пользователь: admin (ID: 17)
2025-10-11 01:57:10,442 - log_crud.py - INFO - Передано 2 логов (всего по фильтру: 2). Фильтры: level=INFO, service=None, start=None, end=None, limit=100, offset=0
2025-10-11 01:57:10,443 - logs.py - INFO - Пользователь admin получил 2 записей (всего по фильтру: 2)
2025-10-11 01:57:15,116 - security.py - INFO - Аутентифицирован пользователь: admin (ID: 17)
2025-10-11 01:57:15,119 - log_crud.py - INFO - Передано 3 логов (всего по фильтру: 3). Фильтры: level=WARNING, service=None, start=None, end=None, limit=100, offset=0
2025-10-11 01:57:15,119 - logs.py - INFO - Пользователь admin получил 3 записей (всего по фильтру: 3)
2025-10-11 01:57:20,343 - security.py - INFO - Аутентифицирован пользователь: admin (ID: 17)
2025-10-11 01:57:20,345 - log_crud.py - INFO - Передано 3 логов (всего по фильтру: 3). Фильтры: level=ERROR, service=None, start=None, end=None, limit=100, offset=0
2025-10-11 01:57:20,346 - logs.py - INFO - Пользователь admin получил 3 записей (всего по фильтру: 3)
2025-10-11 01:57:40,121 - security.py - INFO - Аутентифицирован пользователь: admin (ID: 17)
2025-10-11 01:57:40,125 - log_crud.py - INFO - Передано 7 логов (всего по фильтру: 7). Фильтры: level=None, service=auth_service, start=None, end=None, limit=100, offset=0
2025-10-11 01:57:40,125 - logs.py - INFO - Пользователь admin получил 7 записей (всего по фильтру: 7)
2025-10-11 01:57:50,214 - security.py - INFO - Аутентифицирован пользователь: admin (ID: 17)
2025-10-11 01:57:50,218 - log_crud.py - INFO - Передано 2 логов (всего по фильтру: 2). Фильтры: level=None, service=None, start=2025-05-14T00:00:00+00:00, end=2025-05-14T23:59:59+00:00, limit=100, offset=0
2025-10-11 01:57:50,218 - logs.py - INFO - Пользователь admin получил 2 записей (всего по фильтру: 2)
2025-10-11 01:58:07,525 - security.py - INFO - Аутентифицирован пользователь: admin (ID: 17)
2025-10-11 01:58:07,527 - log_crud.py - INFO - Передано 1 логов (всего по фильтру: 8). Фильтры: level=None, service=None, start=None, end=None, limit=1, offset=0
2025-10-11 01:58:07,528 - logs.py - INFO - Пользователь admin получил 1 записей (всего по фильтру: 8)
2025-10-11 01:58:13,118 - security.py - INFO - Аутентифицирован пользователь: admin (ID: 17)
2025-10-11 01:58:13,120 - log_crud.py - INFO - Передано 1 логов (всего по фильтру: 8). Фильтры: level=None, service=None, start=None, end=None, limit=1, offset=1
2025-10-11 01:58:13,120 - logs.py - INFO - Пользователь admin получил 1 записей (всего по фильтру: 8)
2025-10-11 01:58:27,121 - security.py - INFO - Аутентифицирован пользователь: admin (ID: 17)
2025-10-11 01:58:27,124 - logs.py - INFO - Статистика получена: 3 групп
2025-10-11 01:58:39,236 - security.py - INFO - Аутентифицирован пользователь: admin (ID: 17)
2025-10-11 01:58:39,237 - logs.py - INFO - Статистика получена: 2 групп
2025-10-11 01:58:47,115 - security.py - INFO - Аутентифицирован пользователь: admin (ID: 17)
2025-10-11 01:58:47,118 - logs.py - INFO - Статистика получена: 2 групп
2025-10-11 02:00:28,769 - security.py - INFO - Аутентифицирован пользователь: admin (ID: 17)
2025-10-11 02:00:28,783 - log_crud.py - INFO - Удалено 2 логов, созданных до 2025-05-15T00:00:00+00:00
2025-10-11 02:00:28,783 - logs.py - INFO - Удалено 2 логов по запросу администратора admin
2025-10-11 02:00:57,392 - logs.py - WARNING - Попытка регистрации существующего пользователя: admin
2025-10-11 02:01:09,783 - logs.py - WARNING - Неверный пароль для пользователя: admin
2025-10-11 02:01:22,795 - log_crud.py - INFO - Новый пользователь bebra был успешно создан
2025-10-11 02:01:22,795 - logs.py - INFO - Пользователь bebra успешно зарегистрирован
2025-10-11 02:01:28,893 - security.py - INFO - Сгенерирован токен для пользователя bebra (id: 18)
2025-10-11 02:01:55,725 - security.py - INFO - Аутентифицирован пользователь: bebra (ID: 18)
2025-10-11 02:01:55,725 - logs.py - WARNING - Пользователь 'bebra' попытался удалить логи без прав
2025-10-11 02:02:14,301 - security.py - INFO - Аутентифицирован пользователь: bebra (ID: 18)
2025-10-11 02:02:14,301 - logs.py - ERROR - Использован неверный формат даты в /logs
2025-10-11 02:03:10,234 - main.py - INFO - Приложение завершает работу
2025-10-12 01:43:43,019 - main.py - INFO - Приложение Log Analyzer запущено и готово принимать запросы
2025-10-12 01:50:01,369 - main.py - INFO - Приложение Log Analyzer запущено и готово принимать запросы
2025-10-12 01:50:01,676 - log_crud.py - INFO - Новый пользователь testuser был успешно создан
2025-10-12 01:50:01,676 - logs.py - INFO - Пользователь testuser успешно зарегистрирован
2025-10-12 01:50:01,676 - _client.py - INFO - HTTP Request: POST http://test/auth/register "HTTP/1.1 200 OK"
2025-10-12 01:50:01,902 - log_crud.py - INFO - Новый пользователь duplicate был успешно создан
2025-10-12 01:50:01,902 - logs.py - INFO - Пользователь duplicate успешно зарегистрирован
2025-10-12 01:50:01,903 - _client.py - INFO - HTTP Request: POST http://test/auth/register "HTTP/1.1 200 OK"
2025-10-12 01:50:01,904 - logs.py - WARNING - Попытка регистрации существующего пользователя: duplicate
2025-10-12 01:50:01,904 - _client.py - INFO - HTTP Request: POST http://test/auth/register "HTTP/1.1 400 Bad Request"
2025-10-12 01:50:01,908 - logs.py - WARNING - Попытка входа несуществующего пользователя: loginuser
2025-10-12 01:50:01,909 - _client.py - INFO - HTTP Request: POST http://test/auth/login "HTTP/1.1 401 Unauthorized"
2025-10-12 01:50:01,910 - logs.py - WARNING - Попытка входа несуществующего пользователя: loginuser
2025-10-12 01:50:01,910 - _client.py - INFO - HTTP Request: POST http://test/auth/login "HTTP/1.1 401 Unauthorized"
2025-10-12 01:50:02,043 - _client.py - INFO - HTTP Request: POST http://test/auth/login "HTTP/1.1 422 Unprocessable Entity"
2025-10-12 01:50:02,054 - _client.py - INFO - HTTP Request: POST http://test/add_log "HTTP/1.1 200 OK"
2025-10-12 01:50:02,518 - security.py - INFO - Сгенерирован токен для пользователя admin (id: 3)
2025-10-12 01:50:02,518 - _client.py - INFO - HTTP Request: POST http://test/auth/login "HTTP/1.1 200 OK"
2025-10-12 01:50:02,521 - _client.py - INFO - HTTP Request: POST http://test/add_log "HTTP/1.1 200 OK"
2025-10-12 01:50:02,523 - security.py - INFO - Аутентифицирован пользователь: admin (ID: 3)
2025-10-12 01:50:02,525 - log_crud.py - INFO - Передано 2 логов (всего по фильтру: 2). Фильтры: level=None, service=None, start=None, end=None, limit=100, offset=0
2025-10-12 01:50:02,526 - logs.py - INFO - Пользователь admin получил 2 записей (всего по фильтру: 2)
2025-10-12 01:50:02,526 - _client.py - INFO - HTTP Request: GET http://test/logs "HTTP/1.1 200 OK"
2025-10-12 02:05:21,279 - main.py - INFO - Приложение Log Analyzer запущено и готово принимать запросы
2025-10-12 02:05:21,582 - log_crud.py - INFO - Новый пользователь testuser был успешно создан
2025-10-12 02:05:21,582 - logs.py - INFO - Пользователь testuser успешно зарегистрирован
2025-10-12 02:05:21,582 - _client.py - INFO - HTTP Request: POST http://test/auth/register "HTTP/1.1 200 OK"
2025-10-12 02:05:21,811 - log_crud.py - INFO - Новый пользователь duplicate был успешно создан
2025-10-12 02:05:21,811 - logs.py - INFO - Пользователь duplicate успешно зарегистрирован
2025-10-12 02:05:21,811 - _client.py - INFO - HTTP Request: POST http://test/auth/register "HTTP/1.1 200 OK"
2025-10-12 02:05:21,812 - logs.py - WARNING - Попытка регистрации существующего пользователя: duplicate
2025-10-12 02:05:21,812 - _client.py - INFO - HTTP Request: POST http://test/auth/register "HTTP/1.1 400 Bad Request"
2025-10-12 02:05:22,041 - log_crud.py - INFO - Новый пользователь loginuser был успешно создан
2025-10-12 02:05:22,041 - logs.py - INFO - Пользователь loginuser успешно зарегистрирован
2025-10-12 02:05:22,041 - _client.py - INFO - HTTP Request: POST http://test/auth/register "HTTP/1.1 200 OK"
2025-10-12 02:05:22,266 - security.py - INFO - Сгенерирован токен для пользователя loginuser (id: 1)
2025-10-12 02:05:22,266 - _client.py - INFO - HTTP Request: POST http://test/auth/login "HTTP/1.1 200 OK"
2025-10-12 02:05:22,271 - _client.py - INFO - HTTP Request: POST http://test/auth/login "HTTP/1.1 422 Unprocessable Entity"
2025-10-12 02:05:22,418 - _client.py - INFO - HTTP Request: POST http://test/add_log "HTTP/1.1 200 OK"
2025-10-12 02:05:22,867 - security.py - INFO - Сгенерирован токен для пользователя admin (id: 1)
2025-10-12 02:05:22,868 - _client.py - INFO - HTTP Request: POST http://test/auth/login "HTTP/1.1 200 OK"
2025-10-12 02:05:22,871 - _client.py - INFO - HTTP Request: POST http://test/add_log "HTTP/1.1 200 OK"
2025-10-12 02:05:22,873 - security.py - INFO - Аутентифицирован пользователь: admin (ID: 1)
2025-10-12 02:05:22,875 - log_crud.py - INFO - Передано 1 логов (всего по фильтру: 1). Фильтры: level=None, service=None, start=None, end=None, limit=100, offset=0
2025-10-12 02:05:22,875 - logs.py - INFO - Пользователь admin получил 1 записей (всего по фильтру: 1)
2025-10-12 02:05:22,875 - _client.py - INFO - HTTP Request: GET http://test/logs "HTTP/1.1 200 OK"
2025-10-12 02:05:23,322 - security.py - INFO - Сгенерирован токен для пользователя admin (id: 1)
2025-10-12 02:05:23,322 - _client.py - INFO - HTTP Request: POST http://test/auth/login "HTTP/1.1 200 OK"
2025-10-12 02:05:23,324 - _client.py - INFO - HTTP Request: POST http://test/add_log "HTTP/1.1 200 OK"
2025-10-12 02:05:23,326 - _client.py - INFO - HTTP Request: POST http://test/add_log "HTTP/1.1 200 OK"
2025-10-12 02:05:23,327 - security.py - INFO - Аутентифицирован пользователь: admin (ID: 1)
2025-10-12 02:05:23,330 - log_crud.py - INFO - Передано 1 логов (всего по фильтру: 1). Фильтры: level=ERROR, service=None, start=None, end=None, limit=100, offset=0
2025-10-12 02:05:23,330 - logs.py - INFO - Пользователь admin получил 1 записей (всего по фильтру: 1)
2025-10-12 02:05:23,330 - _client.py - INFO - HTTP Request: GET http://test/logs?level=ERROR "HTTP/1.1 200 OK"
2025-10-12 02:05:23,331 - security.py - INFO - Аутентифицирован пользователь: admin (ID: 1)
2025-10-12 02:05:23,333 - log_crud.py - INFO - Передано 1 логов (всего по фильтру: 1). Фильтры: level=None, service=service_a, start=None, end=None, limit=100, offset=0
2025-10-12 02:05:23,333 - logs.py - INFO - Пользователь admin получил 1 записей (всего по фильтру: 1)
2025-10-12 02:05:23,333 - _client.py - INFO - HTTP Request: GET http://test/logs?service=service_a "HTTP/1.1 200 OK"
2025-10-12 02:15:50,908 - main.py - INFO - Приложение Log Analyzer запущено и готово принимать запросы
2025-10-12 02:15:51,210 - log_crud.py - INFO - Новый пользователь testuser был успешно создан
2025-10-12 02:15:51,210 - logs.py - INFO - Пользователь testuser успешно зарегистрирован
2025-10-12 02:15:51,210 - _client.py - INFO - HTTP Request: POST http://test/auth/register "HTTP/1.1 200 OK"
2025-10-12 02:15:51,437 - log_crud.py - INFO - Новый пользователь duplicate был успешно создан
2025-10-12 02:15:51,437 - logs.py - INFO - Пользователь duplicate успешно зарегистрирован
2025-10-12 02:15:51,437 - _client.py - INFO - HTTP Request: POST http://test/auth/register "HTTP/1.1 200 OK"
2025-10-12 02:15:51,438 - logs.py - WARNING - Попытка регистрации существующего пользователя: duplicate
2025-10-12 02:15:51,439 - _client.py - INFO - HTTP Request: POST http://test/auth/register "HTTP/1.1 400 Bad Request"
2025-10-12 02:15:51,665 - log_crud.py - INFO - Новый пользователь loginuser был успешно создан
2025-10-12 02:15:51,665 - logs.py - INFO - Пользователь loginuser успешно зарегистрирован
2025-10-12 02:15:51,666 - _client.py - INFO - HTTP Request: POST http://test/auth/register "HTTP/1.1 200 OK"
2025-10-12 02:15:51,891 - security.py - INFO - Сгенерирован токен для пользователя loginuser (id: 1)
2025-10-12 02:15:51,892 - _client.py - INFO - HTTP Request: POST http://test/auth/login "HTTP/1.1 200 OK"
2025-10-12 02:15:51,897 - logs.py - WARNING - Попытка входа несуществующего пользователя: nonexistentuser
2025-10-12 02:15:51,897 - _client.py - INFO - HTTP Request: POST http://test/auth/login "HTTP/1.1 401 Unauthorized"
2025-10-12 02:15:51,902 - _client.py - INFO - HTTP Request: POST http://test/add_log "HTTP/1.1 401 Unauthorized"
2025-10-12 02:15:52,348 - security.py - INFO - Сгенерирован токен для пользователя admin (id: 1)
2025-10-12 02:15:52,348 - _client.py - INFO - HTTP Request: POST http://test/auth/login "HTTP/1.1 200 OK"
2025-10-12 02:15:52,350 - security.py - INFO - Аутентифицирован пользователь: admin (ID: 1)
2025-10-12 02:15:52,354 - _client.py - INFO - HTTP Request: POST http://test/add_log "HTTP/1.1 200 OK"
2025-10-12 02:15:52,355 - security.py - INFO - Аутентифицирован пользователь: admin (ID: 1)
2025-10-12 02:15:52,357 - log_crud.py - INFO - Передано 1 логов (всего по фильтру: 1). Фильтры: level=None, service=None, start=None, end=None, limit=100, offset=0
2025-10-12 02:15:52,357 - logs.py - INFO - Пользователь admin получил 1 записей (всего по фильтру: 1)
2025-10-12 02:15:52,358 - _client.py - INFO - HTTP Request: GET http://test/logs "HTTP/1.1 200 OK"
2025-10-12 02:15:52,803 - security.py - INFO - Сгенерирован токен для пользователя admin (id: 1)
2025-10-12 02:15:52,804 - _client.py - INFO - HTTP Request: POST http://test/auth/login "HTTP/1.1 200 OK"
2025-10-12 02:15:52,805 - security.py - INFO - Аутентифицирован пользователь: admin (ID: 1)
2025-10-12 02:15:52,807 - _client.py - INFO - HTTP Request: POST http://test/add_log "HTTP/1.1 200 OK"
2025-10-12 02:15:52,808 - security.py - INFO - Аутентифицирован пользователь: admin (ID: 1)
2025-10-12 02:15:52,809 - _client.py - INFO - HTTP Request: POST http://test/add_log "HTTP/1.1 200 OK"
2025-10-12 02:15:52,810 - security.py - INFO - Аутентифицирован пользователь: admin (ID: 1)
2025-10-12 02:15:52,813 - log_crud.py - INFO - Передано 1 логов (всего по фильтру: 1). Фильтры: level=ERROR, service=None, start=None, end=None, limit=100, offset=0
2025-10-12 02:15:52,813 - logs.py - INFO - Пользователь admin получил 1 записей (всего по фильтру: 1)
2025-10-12 02:15:52,813 - _client.py - INFO - HTTP Request: GET http://test/logs?level=ERROR "HTTP/1.1 200 OK"
2025-10-12 02:15:52,814 - security.py - INFO - Аутентифицирован пользователь: admin (ID: 1)
2025-10-12 02:15:52,816 - log_crud.py - INFO - Передано 1 логов (всего по фильтру: 1). Фильтры: level=None, service=service_a, start=None, end=None, limit=100, offset=0
2025-10-12 02:15:52,816 - logs.py - INFO - Пользователь admin получил 1 записей (всего по фильтру: 1)
2025-10-12 02:15:52,816 - _client.py - INFO - HTTP Request: GET http://test/logs?service=service_a "HTTP/1.1 200 OK"
2025-10-12 08:20:40,243 - main.py - INFO - Приложение Log Analyzer запущено и готово принимать запросы
2025-10-12 08:20:40,244 - main.py - INFO - Началась инициализация базы данных
2025-10-12 08:20:40,253 - main.py - INFO - База данных успешно инициализирована
2025-10-12 08:20:50,687 - main.py - INFO - Приложение завершает работу
